<?xml version="1.0" encoding="UTF-8"?>
<testng-results skipped="0" failed="0" ignored="0" total="1" passed="1">
  <reporter-output>
  </reporter-output>
  <suite name="Default suite" duration-ms="7897" started-at="2023-05-03T22:20:19 IST" finished-at="2023-05-03T22:20:27 IST">
    <groups>
    </groups>
    <test name="Default test" duration-ms="7897" started-at="2023-05-03T22:20:19 IST" finished-at="2023-05-03T22:20:27 IST">
      <class name="boauiflip.alltestcases.Sample">
        <test-method status="PASS" signature="initalizereportdata()[pri:0, instance:boauiflip.alltestcases.Sample@782663d3]" name="initalizereportdata" is-config="true" duration-ms="337" started-at="2023-05-03T22:20:19 IST" finished-at="2023-05-03T22:20:19 IST">
          <reporter-output>
          </reporter-output>
        </test-method> <!-- initalizereportdata -->
        <test-method status="PASS" signature="startTest()[pri:0, instance:boauiflip.alltestcases.Sample@782663d3]" name="startTest" is-config="true" duration-ms="5013" started-at="2023-05-03T22:20:19 IST" finished-at="2023-05-03T22:20:24 IST">
          <reporter-output>
          </reporter-output>
        </test-method> <!-- startTest -->
        <test-method status="PASS" signature="case1()[pri:0, instance:boauiflip.alltestcases.Sample@782663d3]" name="case1" duration-ms="1467" started-at="2023-05-03T22:20:24 IST" finished-at="2023-05-03T22:20:25 IST">
          <reporter-output>
          </reporter-output>
        </test-method> <!-- case1 -->
        <test-method status="PASS" signature="closeTest()[pri:0, instance:boauiflip.alltestcases.Sample@782663d3]" name="closeTest" is-config="true" duration-ms="1373" started-at="2023-05-03T22:20:25 IST" finished-at="2023-05-03T22:20:27 IST">
          <reporter-output>
          </reporter-output>
        </test-method> <!-- closeTest -->
        <test-method status="PASS" signature="savereportData()[pri:0, instance:boauiflip.alltestcases.Sample@782663d3]" name="savereportData" is-config="true" duration-ms="428" started-at="2023-05-03T22:20:27 IST" finished-at="2023-05-03T22:20:27 IST">
          <reporter-output>
          </reporter-output>
        </test-method> <!-- savereportData -->
      </class> <!-- boauiflip.alltestcases.Sample -->
    </test> <!-- Default test -->
  </suite> <!-- Default suite -->
</testng-results>
